<?xml version="1.0" encoding="UTF-8"?>
<testsuite name="texnopos.uz.ApplicationTest" tests="1" skipped="0" failures="0" errors="0" timestamp="2022-01-18T13:38:42" hostname="LENOVO" time="0.004">
  <properties/>
  <testcase name="testRoot" classname="texnopos.uz.ApplicationTest" time="0.004"/>
  <system-out><![CDATA[]]></system-out>
  <system-err><![CDATA[]]></system-err>
</testsuite>
